[    0.000000] Linux version 4.15.0-213-generic (buildd@lcy02-amd64-079) (gcc version 7.5.0 (Ubuntu 7.5.0-3ubuntu1~18.04)) #224-Ubuntu SMP Mon Jun 19 13:30:12 UTC 2023 (Ubuntu 4.15.0-213.224-generic 4.15.18)
[    0.000000] Command line: BOOT_IMAGE=/boot/vmlinuz-4.15.0-213-generic root=UUID=f685bb41-0e3b-40c4-89c1-eea0f0583525 ro console=tty1 console=ttyS0
[    0.000000] KERNEL supported cpus:
[    0.000000]   Intel GenuineIntel
[    0.000000]   AMD AuthenticAMD
[    0.000000]   Centaur CentaurHauls
[    0.000000] [Firmware Bug]: TSC doesn't count with P0 frequency!
[    0.000000] x86/fpu: Supporting XSAVE feature 0x001: 'x87 floating point registers'
[    0.000000] x86/fpu: Supporting XSAVE feature 0x002: 'SSE registers'
[    0.000000] x86/fpu: Supporting XSAVE feature 0x004: 'AVX registers'
[    0.000000] x86/fpu: xstate_offset[2]:  576, xstate_sizes[2]:  256
[    0.000000] x86/fpu: Enabled xstate features 0x7, context size is 832 bytes, using 'standard' format.
[    0.000000] e820: BIOS-provided physical RAM map:
[    0.000000] BIOS-e820: [mem 0x0000000000000000-0x000000000009fbff] usable
[    0.000000] BIOS-e820: [mem 0x000000000009fc00-0x000000000009ffff] reserved
[    0.000000] BIOS-e820: [mem 0x00000000000f0000-0x00000000000fffff] reserved
[    0.000000] BIOS-e820: [mem 0x0000000000100000-0x000000007ffeffff] usable
[    0.000000] BIOS-e820: [mem 0x000000007fff0000-0x000000007fffffff] ACPI data
[    0.000000] BIOS-e820: [mem 0x00000000fec00000-0x00000000fec00fff] reserved
[    0.000000] BIOS-e820: [mem 0x00000000fee00000-0x00000000fee00fff] reserved
[    0.000000] BIOS-e820: [mem 0x00000000fffc0000-0x00000000ffffffff] reserved
[    0.000000] NX (Execute Disable) protection: active
[    0.000000] SMBIOS 2.5 present.
[    0.000000] DMI: innotek GmbH VirtualBox/VirtualBox, BIOS VirtualBox 12/01/2006
[    0.000000] Hypervisor detected: KVM
[    0.000000] e820: last_pfn = 0x7fff0 max_arch_pfn = 0x400000000
[    0.000000] MTRR: Disabled
[    0.000000] x86/PAT: MTRRs disabled, skipping PAT initialization too.
[    0.000000] CPU MTRRs all blank - virtualized system.
[    0.000000] x86/PAT: Configuration [0-7]: WB  WT  UC- UC  WB  WT  UC- UC  
[    0.000000] found SMP MP-table at [mem 0x0009fff0-0x0009ffff]
[    0.000000] Scanning 1 areas for low memory corruption
[    0.000000] RAMDISK: [mem 0x35819000-0x36c03fff]
[    0.000000] ACPI: Early table checksum verification disabled
[    0.000000] ACPI: RSDP 0x00000000000E0000 000024 (v02 VBOX  )
[    0.000000] ACPI: XSDT 0x000000007FFF0030 00003C (v01 VBOX   VBOXXSDT 00000001 ASL  00000061)
[    0.000000] ACPI: FACP 0x000000007FFF00F0 0000F4 (v04 VBOX   VBOXFACP 00000001 ASL  00000061)
[    0.000000] ACPI: DSDT 0x000000007FFF0470 002325 (v02 VBOX   VBOXBIOS 00000002 INTL 20200925)
[    0.000000] ACPI: FACS 0x000000007FFF0200 000040
[    0.000000] ACPI: FACS 0x000000007FFF0200 000040
[    0.000000] ACPI: APIC 0x000000007FFF0240 00005C (v02 VBOX   VBOXAPIC 00000001 ASL  00000061)
[    0.000000] ACPI: SSDT 0x000000007FFF02A0 0001CC (v01 VBOX   VBOXCPUT 00000002 INTL 20200925)
[    0.000000] ACPI: Reserving FACP table memory at [mem 0x7fff00f0-0x7fff01e3]
[    0.000000] ACPI: Reserving DSDT table memory at [mem 0x7fff0470-0x7fff2794]
[    0.000000] ACPI: Reserving FACS table memory at [mem 0x7fff0200-0x7fff023f]
[    0.000000] ACPI: Reserving FACS table memory at [mem 0x7fff0200-0x7fff023f]
[    0.000000] ACPI: Reserving APIC table memory at [mem 0x7fff0240-0x7fff029b]
[    0.000000] ACPI: Reserving SSDT table memory at [mem 0x7fff02a0-0x7fff046b]
[    0.000000] No NUMA configuration found
[    0.000000] Faking a node at [mem 0x0000000000000000-0x000000007ffeffff]
[    0.000000] NODE_DATA(0) allocated [mem 0x7ffc5000-0x7ffeffff]
[    0.000000] kvm-clock: cpu 0, msr 0:7ff44001, primary cpu clock
[    0.000000] kvm-clock: Using msrs 4b564d01 and 4b564d00
[    0.000000] kvm-clock: using sched offset of 3270064791 cycles
[    0.000000] clocksource: kvm-clock: mask: 0xffffffffffffffff max_cycles: 0x1cd42e4dffb, max_idle_ns: 881590591483 ns
[    0.000000] Zone ranges:
[    0.000000]   DMA      [mem 0x0000000000001000-0x0000000000ffffff]
[    0.000000]   DMA32    [mem 0x0000000001000000-0x000000007ffeffff]
[    0.000000]   Normal   empty
[    0.000000]   Device   empty
[    0.000000] Movable zone start for each node
[    0.000000] Early memory node ranges
[    0.000000]   node   0: [mem 0x0000000000001000-0x000000000009efff]
[    0.000000]   node   0: [mem 0x0000000000100000-0x000000007ffeffff]
[    0.000000] Reserved but unavailable: 104 pages
[    0.000000] Initmem setup node 0 [mem 0x0000000000001000-0x000000007ffeffff]
[    0.000000] ACPI: PM-Timer IO Port: 0x4008
[    0.000000] IOAPIC[0]: apic_id 2, version 32, address 0xfec00000, GSI 0-23
[    0.000000] ACPI: INT_SRC_OVR (bus 0 bus_irq 0 global_irq 2 dfl dfl)
[    0.000000] ACPI: INT_SRC_OVR (bus 0 bus_irq 9 global_irq 9 low level)
[    0.000000] Using ACPI (MADT) for SMP configuration information
[    0.000000] smpboot: Allowing 2 CPUs, 0 hotplug CPUs
[    0.000000] PM: Registered nosave memory: [mem 0x00000000-0x00000fff]
[    0.000000] PM: Registered nosave memory: [mem 0x0009f000-0x0009ffff]
[    0.000000] PM: Registered nosave memory: [mem 0x000a0000-0x000effff]
[    0.000000] PM: Registered nosave memory: [mem 0x000f0000-0x000fffff]
[    0.000000] e820: [mem 0x80000000-0xfebfffff] available for PCI devices
[    0.000000] Booting paravirtualized kernel on KVM
[    0.000000] clocksource: refined-jiffies: mask: 0xffffffff max_cycles: 0xffffffff, max_idle_ns: 7645519600211568 ns
[    0.000000] setup_percpu: NR_CPUS:8192 nr_cpumask_bits:2 nr_cpu_ids:2 nr_node_ids:1
[    0.000000] percpu: Embedded 50 pages/cpu s167936 r8192 d28672 u1048576
[    0.000000] PV qspinlock hash table entries: 256 (order: 0, 4096 bytes)
[    0.000000] Built 1 zonelists, mobility grouping on.  Total pages: 515961
[    0.000000] Policy zone: DMA32
[    0.000000] Kernel command line: BOOT_IMAGE=/boot/vmlinuz-4.15.0-213-generic root=UUID=f685bb41-0e3b-40c4-89c1-eea0f0583525 ro console=tty1 console=ttyS0
[    0.000000] Memory: 2013968K/2096696K available (12300K kernel code, 2477K rwdata, 4324K rodata, 2480K init, 2720K bss, 82728K reserved, 0K cma-reserved)
[    0.000000] SLUB: HWalign=64, Order=0-3, MinObjects=0, CPUs=2, Nodes=1
[    0.000000] ftrace: allocating 39508 entries in 155 pages
[    0.004000] Hierarchical RCU implementation.
[    0.004000] 	RCU restricting CPUs from NR_CPUS=8192 to nr_cpu_ids=2.
[    0.004000] 	Tasks RCU enabled.
[    0.004000] RCU: Adjusting geometry for rcu_fanout_leaf=16, nr_cpu_ids=2
[    0.004000] NR_IRQS: 524544, nr_irqs: 440, preallocated irqs: 16
[    0.004000] random: crng init done
[    0.004000] Console: colour VGA+ 80x25
[    0.004000] console [tty1] enabled
[    0.004000] console [ttyS0] enabled
[    0.004000] ACPI: Core revision 20170831
[    0.004000] ACPI: 2 ACPI AML tables successfully acquired and loaded
[    0.004000] APIC: Switch to symmetric I/O mode setup
[    0.004000] x2apic enabled
[    0.004000] Switched APIC routing to physical x2apic.
[    0.004000] ..TIMER: vector=0x30 apic1=0 pin1=2 apic2=-1 pin2=-1
[    0.004000] tsc: Detected 3593.238 MHz processor
[    0.004000] Calibrating delay loop (skipped) preset value.. 7186.47 BogoMIPS (lpj=14372952)
[    0.004000] pid_max: default: 32768 minimum: 301
[    0.004000] Security Framework initialized
[    0.004000] Yama: becoming mindful.
[    0.004000] AppArmor: AppArmor initialized
[    0.004000] Dentry cache hash table entries: 262144 (order: 9, 2097152 bytes)
[    0.004000] Inode-cache hash table entries: 131072 (order: 8, 1048576 bytes)
[    0.004000] Mount-cache hash table entries: 4096 (order: 3, 32768 bytes)
[    0.004000] Mountpoint-cache hash table entries: 4096 (order: 3, 32768 bytes)
[    0.004000] Last level iTLB entries: 4KB 1024, 2MB 1024, 4MB 512
[    0.004000] Last level dTLB entries: 4KB 1536, 2MB 1536, 4MB 768, 1GB 0
[    0.004000] Spectre V1 : Mitigation: usercopy/swapgs barriers and __user pointer sanitization
[    0.004000] Spectre V2 : Mitigation: Retpolines
[    0.004000] Spectre V2 : Spectre v2 / SpectreRSB mitigation: Filling RSB on context switch
[    0.004000] Spectre V2 : Spectre v2 / SpectreRSB : Filling RSB on VMEXIT
[    0.004000] RETBleed: Vulnerable
[    0.004000] Freeing SMP alternatives memory: 36K
[    0.118146] APIC calibration not consistent with PM-Timer: 107ms instead of 100ms
[    0.119182] APIC delta adjusted to PM-Timer: 6400282 (6884764)
[    0.119946] smpboot: CPU0: AMD Ryzen 3 3200G with Radeon Vega Graphics (family: 0x17, model: 0x18, stepping: 0x1)
[    0.120000] Performance Events: PMU not available due to virtualization, using software events only.
[    0.120000] Hierarchical SRCU implementation.
[    0.120000] NMI watchdog: Perf event create on CPU 0 failed with -2
[    0.120003] NMI watchdog: Perf NMI watchdog permanently disabled
[    0.120816] smp: Bringing up secondary CPUs ...
[    0.121538] x86: Booting SMP configuration:
[    0.122133] .... node  #0, CPUs:      #1
[    0.004000] kvm-clock: cpu 1, msr 0:7ff44041, secondary cpu clock
[    0.126902] smp: Brought up 1 node, 2 CPUs
[    0.126902] smpboot: Max logical packages: 1
[    0.128004] smpboot: Total of 2 processors activated (14372.95 BogoMIPS)
[    0.129039] devtmpfs: initialized
[    0.129039] x86/mm: Memory block size: 128MB
[    0.129371] evm: security.selinux
[    0.129863] evm: security.SMACK64
[    0.130350] evm: security.SMACK64EXEC
[    0.132003] evm: security.SMACK64TRANSMUTE
[    0.132585] evm: security.SMACK64MMAP
[    0.133081] evm: security.apparmor
[    0.133559] evm: security.ima
[    0.134007] evm: security.capability
[    0.134522] clocksource: jiffies: mask: 0xffffffff max_cycles: 0xffffffff, max_idle_ns: 7645041785100000 ns
[    0.134522] futex hash table entries: 512 (order: 3, 32768 bytes)
[    0.136000] pinctrl core: initialized pinctrl subsystem
[    0.136202] RTC time: 19:25:43, date: 10/28/24
[    0.137616] NET: Registered protocol family 16
[    0.138987] audit: initializing netlink subsys (disabled)
[    0.144028] audit: type=2000 audit(1730143548.590:1): state=initialized audit_enabled=0 res=1
[    0.145411] cpuidle: using governor ladder
[    0.145411] cpuidle: using governor menu
[    0.148075] ACPI: bus type PCI registered
[    0.149166] acpiphp: ACPI Hot Plug PCI Controller Driver version: 0.5
[    0.149166] PCI: Using configuration type 1 for base access
[    0.149346] PCI: Using configuration type 1 for extended access
[    0.156106] HugeTLB registered 2.00 MiB page size, pre-allocated 0 pages
[    0.157712] ACPI: Added _OSI(Module Device)
[    0.157712] ACPI: Added _OSI(Processor Device)
[    0.158238] ACPI: Added _OSI(3.0 _SCP Extensions)
[    0.159328] ACPI: Added _OSI(Processor Aggregator Device)
[    0.160017] ACPI: Added _OSI(Linux-Dell-Video)
[    0.161151] ACPI: Added _OSI(Linux-Lenovo-NV-HDMI-Audio)
[    0.162546] ACPI: Added _OSI(Linux-HPI-Hybrid-Graphics)
[    0.164553] ACPI: Executed 1 blocks of module-level executable AML code
[    0.174358] ACPI: Interpreter enabled
[    0.175442] ACPI: (supports S0 S5)
[    0.176007] ACPI: Using IOAPIC for interrupt routing
[    0.177486] PCI: Using host bridge windows from ACPI; if necessary, use "pci=nocrs" and report a bug
[    0.178969] ACPI: Enabled 2 GPEs in block 00 to 07
[    0.184823] ACPI: PCI Root Bridge [PCI0] (domain 0000 [bus 00-ff])
[    0.185695] acpi PNP0A03:00: _OSC: OS supports [ExtendedConfig ASPM ClockPM Segments MSI]
[    0.187596] acpi PNP0A03:00: _OSC: platform does not support [PCIeCapability]
[    0.188396] acpi PNP0A03:00: _OSC: not requesting control; platform does not support [PCIeCapability]
[    0.189606] acpi PNP0A03:00: _OSC: OS requested [PCIeHotplug PME AER PCIeCapability]
[    0.190650] acpi PNP0A03:00: _OSC: platform willing to grant [PCIeHotplug PME AER]
[    0.192003] acpi PNP0A03:00: _OSC failed (AE_SUPPORT); disabling ASPM
[    0.193098] PCI host bridge to bus 0000:00
[    0.193634] pci_bus 0000:00: root bus resource [io  0x0000-0x0cf7 window]
[    0.194533] pci_bus 0000:00: root bus resource [io  0x0d00-0xffff window]
[    0.196003] pci_bus 0000:00: root bus resource [mem 0x000a0000-0x000bffff window]
[    0.197003] pci_bus 0000:00: root bus resource [mem 0x80000000-0xfdffffff window]
[    0.197958] pci_bus 0000:00: root bus resource [bus 00-ff]
[    0.200160] pci 0000:00:01.1: legacy IDE quirk: reg 0x10: [io  0x01f0-0x01f7]
[    0.201145] pci 0000:00:01.1: legacy IDE quirk: reg 0x14: [io  0x03f6]
[    0.202081] pci 0000:00:01.1: legacy IDE quirk: reg 0x18: [io  0x0170-0x0177]
[    0.203054] pci 0000:00:01.1: legacy IDE quirk: reg 0x1c: [io  0x0376]
[    0.232755] pci 0000:00:07.0: quirk: [io  0x4000-0x403f] claimed by PIIX4 ACPI
[    0.234264] pci 0000:00:07.0: quirk: [io  0x4100-0x410f] claimed by PIIX4 SMB
[    0.255320] ACPI: PCI Interrupt Link [LNKA] (IRQs 5 9 10 *11)
[    0.256480] ACPI: PCI Interrupt Link [LNKB] (IRQs 5 9 *10 11)
[    0.257726] ACPI: PCI Interrupt Link [LNKC] (IRQs 5 *9 10 11)
[    0.258807] ACPI: PCI Interrupt Link [LNKD] (IRQs 5 9 10 *11)
[    0.260495] SCSI subsystem initialized
[    0.264053] pci 0000:00:02.0: vgaarb: setting as boot VGA device
[    0.265196] pci 0000:00:02.0: vgaarb: VGA device added: decodes=io+mem,owns=io+mem,locks=none
[    0.265196] pci 0000:00:02.0: vgaarb: bridge control possible
[    0.265196] vgaarb: loaded
[    0.265734] ACPI: bus type USB registered
[    0.266589] usbcore: registered new interface driver usbfs
[    0.268022] usbcore: registered new interface driver hub
[    0.269249] usbcore: registered new device driver usb
[    0.272027] EDAC MC: Ver: 3.0.0
[    0.272688] PCI: Using ACPI for IRQ routing
[    0.276219] NetLabel: Initializing
[    0.276804] NetLabel:  domain hash size = 128
[    0.277515] NetLabel:  protocols = UNLABELED CIPSOv4 CALIPSO
[    0.278284] NetLabel:  unlabeled traffic allowed by default
[    0.279065] clocksource: Switched to clocksource kvm-clock
[    0.284470] VFS: Disk quotas dquot_6.6.0
[    0.284470] VFS: Dquot-cache hash table entries: 512 (order 0, 4096 bytes)
[    0.284470] AppArmor: AppArmor Filesystem Enabled
[    0.284470] pnp: PnP ACPI init
[    0.284470] pnp: PnP ACPI: found 3 devices
[    0.301789] clocksource: acpi_pm: mask: 0xffffff max_cycles: 0xffffff, max_idle_ns: 2085701024 ns
[    0.303139] NET: Registered protocol family 2
[    0.303810] IP idents hash table entries: 32768 (order: 6, 262144 bytes)
[    0.304996] TCP established hash table entries: 16384 (order: 5, 131072 bytes)
[    0.306016] TCP bind hash table entries: 16384 (order: 6, 262144 bytes)
[    0.307576] TCP: Hash tables configured (established 16384 bind 16384)
[    0.308562] UDP hash table entries: 1024 (order: 3, 32768 bytes)
[    0.309401] UDP-Lite hash table entries: 1024 (order: 3, 32768 bytes)
[    0.310258] NET: Registered protocol family 1
[    0.310942] pci 0000:00:00.0: Limiting direct PCI/PCI transfers
[    0.311775] pci 0000:00:01.0: Activating ISA DMA hang workarounds
[    0.312474] pci 0000:00:02.0: Video device with shadowed ROM at [mem 0x000c0000-0x000dffff]
[    0.312474] Unpacking initramfs...
[    0.567047] Freeing initrd memory: 20396K
[    0.567865] clocksource: tsc: mask: 0xffffffffffffffff max_cycles: 0x33cb5fbb942, max_idle_ns: 440795370317 ns
[    0.569369] platform rtc_cmos: registered platform RTC device (no PNP device found)
[    0.570430] Scanning for low memory corruption every 60 seconds
[    0.571793] Initialise system trusted keyrings
[    0.572472] Key type blacklist registered
[    0.573121] workingset: timestamp_bits=36 max_order=19 bucket_order=0
[    0.574662] zbud: loaded
[    0.575968] squashfs: version 4.0 (2009/01/31) Phillip Lougher
[    0.577743] fuse init (API version 7.26)
[    0.582481] Key type asymmetric registered
[    0.583138] Asymmetric key parser 'x509' registered
[    0.583908] Block layer SCSI generic (bsg) driver version 0.4 loaded (major 246)
[    0.585068] io scheduler noop registered
[    0.585544] io scheduler deadline registered
[    0.586066] io scheduler cfq registered (default)
[    0.586856] ACPI: AC Adapter [AC] (on-line)
[    0.587372] input: Power Button as /devices/LNXSYSTM:00/LNXPWRBN:00/input/input0
[    0.588247] ACPI: Power Button [PWRF]
[    0.588706] input: Sleep Button as /devices/LNXSYSTM:00/LNXSLPBN:00/input/input1
[    0.589592] ACPI: Sleep Button [SLPF]
[    0.590437] Serial: 8250/16550 driver, 32 ports, IRQ sharing enabled
[    0.612922] 00:02: ttyS0 at I/O 0x3f8 (irq = 4, base_baud = 115200) is a 16550A
[    0.619276] Linux agpgart interface v0.103
[    0.623133] loop: module loaded
[    0.625164] scsi host0: ata_piix
[    0.626065] scsi host1: ata_piix
[    0.627282] ata1: PATA max UDMA/33 cmd 0x1f0 ctl 0x3f6 bmdma 0xd000 irq 14
[    0.629450] ata2: PATA max UDMA/33 cmd 0x170 ctl 0x376 bmdma 0xd008 irq 15
[    0.632055] tun: Universal TUN/TAP device driver, 1.6
[    0.633841] PPP generic driver version 2.4.2
[    0.635394] ehci_hcd: USB 2.0 'Enhanced' Host Controller (EHCI) Driver
[    0.637072] ehci-pci: EHCI PCI platform driver
[    0.637975] ehci-platform: EHCI generic platform driver
[    0.638701] ohci_hcd: USB 1.1 'Open' Host Controller (OHCI) Driver
[    0.639477] ohci-pci: OHCI PCI platform driver
[    0.640122] ohci-platform: OHCI generic platform driver
[    0.640832] uhci_hcd: USB Universal Host Controller Interface driver
[    0.641710] i8042: PNP: PS/2 Controller [PNP0303:PS2K,PNP0f03:PS2M] at 0x60,0x64 irq 1,12
[    0.643328] serio: i8042 KBD port at 0x60,0x64 irq 1
[    0.644018] serio: i8042 AUX port at 0x60,0x64 irq 12
[    0.644858] mousedev: PS/2 mouse device common for all mice
[    0.645883] input: AT Translated Set 2 keyboard as /devices/platform/i8042/serio0/input/input2
[    0.647353] rtc_cmos rtc_cmos: rtc core: registered rtc_cmos as rtc0
[    0.648233] rtc_cmos rtc_cmos: alarms up to one day, 114 bytes nvram
[    0.649136] i2c /dev entries driver
[    0.649814] device-mapper: uevent: version 1.0.3
[    0.650743] device-mapper: ioctl: 4.37.0-ioctl (2017-09-20) initialised: dm-devel@redhat.com
[    0.651971] ledtrig-cpu: registered to indicate activity on CPUs
[    0.653323] NET: Registered protocol family 10
[    0.658555] Segment Routing with IPv6
[    0.659018] NET: Registered protocol family 17
[    0.659776] Key type dns_resolver registered
[    0.660544] mce: Using 0 MCE banks
[    0.661301] RAS: Correctable Errors collector initialized.
[    0.662402] sched_clock: Marking stable (660496929, 0)->(818252868, -157755939)
[    0.664321] registered taskstats version 1
[    0.665208] Loading compiled-in X.509 certificates
[    0.669262] Loaded X.509 cert 'Build time autogenerated kernel key: cdc7189136aaa35407544516090e2034d9c28e14'
[    0.672316] Loaded X.509 cert 'Canonical Ltd. Live Patch Signing: 14df34d1a87cf37625abec039ef2bf521249b969'
[    0.675555] Loaded X.509 cert 'Canonical Ltd. Kernel Module Signing: 88f752e560a1e0737e31163a466ad7b70a850c19'
[    0.677697] blacklist: Loading compiled-in revocation X.509 certificates
[    0.679110] Loaded X.509 cert 'Canonical Ltd. Secure Boot Signing: 61482aa2830d0ab2ad5af10b7250da9033ddcef0'
[    0.681077] Loaded X.509 cert 'Canonical Ltd. Secure Boot Signing (2017): 242ade75ac4a15e50d50c84b0d45ff3eae707a03'
[    0.683101] Loaded X.509 cert 'Canonical Ltd. Secure Boot Signing (ESM 2018): 365188c1d374d6b07c3c8f240f8ef722433d6a8b'
[    0.685260] Loaded X.509 cert 'Canonical Ltd. Secure Boot Signing (2019): c0746fd6c5da3ae827864651ad66ae47fe24b3e8'
[    0.687318] Loaded X.509 cert 'Canonical Ltd. Secure Boot Signing (2021 v1): a8d54bbb3825cfb94fa13c9f8a594a195c107b8d'
[    0.689449] Loaded X.509 cert 'Canonical Ltd. Secure Boot Signing (2021 v2): 4cf046892d6fd3c9a5b03f98d845f90851dc6a8c'
[    0.691195] Loaded X.509 cert 'Canonical Ltd. Secure Boot Signing (2021 v3): 100437bb6de6e469b581e61cd66bce3ef4ed53af'
[    0.692396] Loaded X.509 cert 'Canonical Ltd. Secure Boot Signing (Ubuntu Core 2019): c1d57b8f6b743f23ee41f4f7ee292f06eecadfb9'
[    0.693601] zswap: loaded using pool lzo/zbud
[    0.697266] Key type big_key registered
[    0.697858] Key type trusted registered
[    0.699785] Key type encrypted registered
[    0.700258] AppArmor: AppArmor sha1 policy hashing enabled
[    0.700842] ima: No TPM chip found, activating TPM-bypass! (rc=-19)
[    0.701497] ima: Allocated hash algorithm: sha1
[    0.701988] evm: HMAC attrs: 0x1
[    0.702499]   Magic number: 12:520:446
[    0.703008] rtc_cmos rtc_cmos: setting system clock to 2024-10-28 19:25:44 UTC (1730143544)
[    0.703977] BIOS EDD facility v0.16 2004-Jun-25, 0 devices found
[    0.704634] EDD information not available.
[    0.815261] Freeing unused kernel image memory: 2480K
[    0.828159] Write protecting the kernel read-only data: 20480k
[    0.829867] Freeing unused kernel image memory: 2008K
[    0.831131] Freeing unused kernel image memory: 1820K
[    0.840370] x86/mm: Checked W+X mappings: passed, no W+X pages found.
Loading, please wait...
starting version 237
[    0.894400] Fusion MPT base driver 3.04.20
[    0.895057] Copyright (c) 1999-2008 LSI Corporation
[    0.902335] e1000: Intel(R) PRO/1000 Network Driver - version 7.3.21-k8-NAPI
[    0.903267] e1000: Copyright (c) 1999-2006 Intel Corporation.
[    0.907165] Fusion MPT SPI Host driver 3.04.20
[    0.916855] AVX2 version of gcm_enc/dec engaged.
[    0.917499] AES CTR mode by8 optimization enabled
[    1.112469] input: ImExPS/2 Generic Explorer Mouse as /devices/platform/i8042/serio1/input/input4
[    1.259462] e1000 0000:00:03.0 eth0: (PCI:33MHz:32-bit) 02:3b:7b:b7:3b:2d
[    1.260820] e1000 0000:00:03.0 eth0: Intel(R) PRO/1000 Network Connection
[    1.262946] mptbase: ioc0: Initiating bringup
[    1.669568] ioc0: LSI53C1030 A0: Capabilities={Initiator}
[    1.914609] scsi host2: ioc0: LSI53C1030 A0, FwRev=00000000h, Ports=1, MaxQ=256, IRQ=20
[    3.968865] scsi 2:0:0:0: Direct-Access     VBOX     HARDDISK         1.0  PQ: 0 ANSI: 5
[    4.012221] scsi target2:0:0: Beginning Domain Validation
[    4.015326] scsi target2:0:0: Domain Validation skipping write tests
[    4.017316] scsi target2:0:0: Ending Domain Validation
[    4.019035] scsi target2:0:0: asynchronous
[    4.021330] scsi 2:0:1:0: Direct-Access     VBOX     HARDDISK         1.0  PQ: 0 ANSI: 5
[    4.312083] scsi target2:0:1: Beginning Domain Validation
[    4.313626] scsi target2:0:1: Domain Validation skipping write tests
[    4.314519] scsi target2:0:1: Ending Domain Validation
[    4.315211] scsi target2:0:1: asynchronous
[    4.318684] sd 2:0:0:0: [sda] 83886080 512-byte logical blocks: (42.9 GB/40.0 GiB)
[    4.319783] sd 2:0:0:0: [sda] Write Protect is off
[    4.320520] sd 2:0:0:0: [sda] Incomplete mode parameter data
[    4.321293] sd 2:0:0:0: [sda] Assuming drive cache: write through
[    4.322309] sd 2:0:0:0: Attached scsi generic sg0 type 0
[    4.323509]  sda: sda1
[    4.323876] sd 2:0:1:0: [sdb] 20480 512-byte logical blocks: (10.5 MB/10.0 MiB)
[    4.324822] e1000 0000:00:08.0 eth1: (PCI:33MHz:32-bit) 08:00:27:80:65:9d
[    4.324900] sd 2:0:1:0: [sdb] Write Protect is off
[    4.325786] e1000 0000:00:08.0 eth1: Intel(R) PRO/1000 Network Connection
[    4.327319] sd 2:0:1:0: Attached scsi generic sg1 type 0
[    4.327490] sd 2:0:1:0: [sdb] Incomplete mode parameter data
[    4.328804] sd 2:0:1:0: [sdb] Assuming drive cache: write through
[    4.329920] sd 2:0:0:0: [sda] Attached SCSI disk
[    4.331816] sd 2:0:1:0: [sdb] Attached SCSI disk
[    4.333217] e1000 0000:00:08.0 enp0s8: renamed from eth1
[    4.349361] e1000 0000:00:03.0 enp0s3: renamed from eth0
Begin: Loading essential drivers ... [    5.968222] raid6: sse2x1   gen()  6832 MB/s
[    6.016289] raid6: sse2x1   xor()  6489 MB/s
[    6.064219] raid6: sse2x2   gen() 13944 MB/s
[    6.112219] raid6: sse2x2   xor()  8802 MB/s
[    6.160228] raid6: sse2x4   gen() 14250 MB/s
[    6.208223] raid6: sse2x4   xor()  7551 MB/s
[    6.256224] raid6: avx2x1   gen() 15411 MB/s
[    6.304226] raid6: avx2x1   xor() 11526 MB/s
[    6.352224] raid6: avx2x2   gen() 19713 MB/s
[    6.400221] raid6: avx2x2   xor() 12678 MB/s
[    6.448237] raid6: avx2x4   gen() 20174 MB/s
[    6.496229] raid6: avx2x4   xor() 10796 MB/s
[    6.496884] raid6: using algorithm avx2x4 gen() 20174 MB/s
[    6.497609] raid6: .... xor() 10796 MB/s, rmw enabled
[    6.498304] raid6: using avx2x2 recovery algorithm
[    6.501056] xor: automatically using best checksumming function   avx       
[    6.502927] async_tx: api initialized (async)
done.
Begin: Running /scripts/init-premount ... done.
Begin: Mounting root file system ... Begin: Running /scripts/local-top ... done.
Begin: Running /scripts/local-premount ... [    6.544795] Btrfs loaded, crc32c=crc32c-intel
Scanning for Btrfs filesystems
done.
Begin: Will now check root file system ... fsck from util-linux 2.31.1
[/sbin/fsck.ext4 (1) -- /dev/sda1] fsck.ext4 -a -C0 /dev/sda1 
cloudimg-rootfs: recovering journal
cloudimg-rootfs: clean, 161690/5120000 files, 1429758/10485499 blocks
done.
[    6.717724] EXT4-fs (sda1): mounted filesystem with ordered data mode. Opts: (null)
done.
Begin: Running /scripts/local-bottom ... done.
Begin: Running /scripts/init-bottom ... done.
[    6.853582] ip_tables: (C) 2000-2006 Netfilter Core Team
[    6.861051] systemd[1]: systemd 237 running in system mode. (+PAM +AUDIT +SELINUX +IMA +APPARMOR +SMACK +SYSVINIT +UTMP +LIBCRYPTSETUP +GCRYPT +GNUTLS +ACL +XZ +LZ4 +SECCOMP +BLKID +ELFUTILS +KMOD -IDN2 +IDN -PCRE2 default-hierarchy=hybrid)
[    6.863739] systemd[1]: Detected virtualization oracle.
[    6.864453] systemd[1]: Detected architecture x86-64.

Welcome to [1mUbuntu 18.04.6 LTS[0m!

[    6.870090] systemd[1]: Set hostname to <docker-test>.
[    7.087258] systemd[1]: Reached target Mounting snaps.
[[0;32m  OK  [0m] Reached target Mounting snaps.
[    7.088511] systemd[1]: Started Forward Password Requests to Wall Directory Watch.
[[0;32m  OK  [0m] Started Forward Password Requests to Wall Directory Watch.
[    7.089979] systemd[1]: Reached target Mounted snaps.
[[0;32m  OK  [0m] Reached target Mounted snaps.
[    7.090978] systemd[1]: Reached target User and Group Name Lookups.
[[0;32m  OK  [0m] Reached target User and Group Name Lookups.
[    7.092391] systemd[1]: Set up automount Arbitrary Executable File Formats File System Automount Point.
[[0;32m  OK  [0m] Set up automount Arbitrary Executab…rmats File System Automount Point.
[    7.095290] systemd[1]: Created slice User and Session Slice.
[[0;32m  OK  [0m] Created slice User and Session Slice.
[[0;32m  OK  [0m] Reached target Swap.
[[0;32m  OK  [0m] Reached target System Time Synchronized.
[[0;32m  OK  [0m] Created slice System Slice.
[[0;32m  OK  [0m] Listening on Network Service Netlink Socket.
[[0;32m  OK  [0m] Reached target Slices.
[[0;32m  OK  [0m] Created slice system-serial\x2dgetty.slice.
[[0;32m  OK  [0m] Listening on Journal Audit Socket.
[[0;32m  OK  [0m] Listening on Journal Socket.
         Starting Create list of required st…ce nodes for the current kernel...
         Starting Uncomplicated firewall...
[[0;32m  OK  [0m] Listening on Journal Socket (/dev/log).
         Starting Set the console keyboard layout...
[[0;32m  OK  [0m] Listening on LVM2 metadata daemon socket.
         Mounting Kernel Debug File System...
[[0;32m  OK  [0m] Listening on LVM2 poll daemon socket.
         Mounting Huge Pages File System...
[[0;32m  OK  [0m] Listening on Device-mapper event daemon FIFOs.
         Starting Load Kernel Modules...
[[0;32m  OK  [0m] Listening on Syslog Socket.
         Starting Journal Service...
         Starting Monitoring of LVM2 mirrors…ng dmeventd or progress polling...
[[0;32m  OK  [0m] Listening on udev Kernel Socket.
[[0;32m  OK  [0m] Listening on fsck to fsckd communication Socket.
         Starting Remount Root and Kernel File Systems...
[[0;32m  OK  [0m] Listening on /dev/initctl Compatibility Named Pipe.
[[0;32m  OK  [0m] Listening on udev Control Socket.
         Starting udev Coldplug all Devices...
         Mounting POSIX Message Queue File System...
[[0;32m  OK  [0m] Started Create list of required sta…vice nodes for the current kernel.
[[0;32m  OK  [0m] Started Uncomplicated firewall.
[[0;32m  OK  [0m] Mounted Kernel Debug File System.
[[0;32m  OK  [0m] Mounted Huge Pages File System.
[[0;32m  OK  [0m] Mounted POSIX Message Queue File System.
         Starting Create Static Device Nodes in /dev...
[    7.140941] Loading iSCSI transport class v2.0-870.
[    7.146997] iscsi: registered transport (tcp)
[    7.163146] iscsi: registered transport (iser)
[[0;32m  OK  [0m] Started Load Kernel Modules.
         Starting Apply Kernel Variables...
         Mounting Kernel Configuration File System...
         Mounting FUSE Control File System...
[[0;32m  OK  [0m] Mounted Kernel Configuration File System.
[[0;32m  OK  [0m] Mounted FUSE Control File System.
[[0;32m  OK  [0m] Started udev Coldplug all Devices.
[[0;32m  OK  [0m] Started LVM2 metadata daemon.
[[0;32m  OK  [0m] Started Journal Service.
[[0;32m  OK  [0m] Started Create Static Device Nodes in /dev.
[[0;32m  OK  [0m] Started Remount Root and Kernel File Systems.
         Starting udev Kernel Device Manager...
         Starting Load/Save Random Seed...
         Starting Flush Journal to Persistent Storage...
[[0;32m  OK  [0m] Started Monitoring of LVM2 mirrors,…sing dmeventd or progress polling.
[[0;32m  OK  [0m] Started Apply Kernel Variables.
[[0;32m  OK  [0m] Started udev Kernel Device Manager.
[[0;32m  OK  [0m] Started Load/Save Random Seed.
[[0;32m  OK  [0m] Started Set the console keyboard layout.
[[0;32m  OK  [0m] Reached target Local File Systems (Pre).
[[0;32m  OK  [0m] Reached target Local File Systems.
         Starting ebtables ruleset management...
         Starting AppArmor initialization...
         Starting Tell Plymouth To Write Out Runtime Data...
         Starting Set console font and keymap...
[[0;32m  OK  [0m] Started Dispatch Password Requests to Console Directory Watch.
[[0;32m  OK  [0m] Reached target Local Encrypted Volumes.
[[0;32m  OK  [0m] Started Flush Journal to Persistent Storage.
         Starting Create Volatile Files and Directories...
[[0;32m  OK  [0m] Started Tell Plymouth To Write Out Runtime Data.
[[0;32m  OK  [0m] Started Set console font and keymap.
[[0;32m  OK  [0m] Started Create Volatile Files and Directories.
         Starting Update UTMP about System Boot/Shutdown...
[[0;32m  OK  [0m] Started Update UTMP about System Boot/Shutdown.
[[0;32m  OK  [0m] Started ebtables ruleset management.
[[0;32m  OK  [0m] Found device /dev/ttyS0.
[[0;32m  OK  [0m] Listening on Load/Save RF Kill Switch Status /dev/rfkill Watch.
[[0;32m  OK  [0m] Started AppArmor initialization.
         Starting Load AppArmor profiles managed internally by snapd...
         Starting Initial cloud-init job (pre-networking)...
         Mounting Arbitrary Executable File Formats File System...
[[0;32m  OK  [0m] Mounted Arbitrary Executable File Formats File System.
[[0;32m  OK  [0m] Started Load AppArmor profiles managed internally by snapd.
[    8.958419] cloud-init[572]: Cloud-init v. 23.1.2-0ubuntu0~18.04.1 running 'init-local' at Mon, 28 Oct 2024 19:25:52 +0000. Up 8.79 seconds.
[[0;32m  OK  [0m] Started Initial cloud-init job (pre-networking).
[[0;32m  OK  [0m] Reached target Network (Pre).
         Starting Network Service...
[[0;32m  OK  [0m] Started Network Service.
         Starting Wait for Network to be Configured...
         Starting Network Name Resolution...
[[0;32m  OK  [0m] Started Network Name Resolution.
[[0;32m  OK  [0m] Reached target Host and Network Name Lookups.
[[0;32m  OK  [0m] Reached target Network.
[[0;32m  OK  [0m] Started Wait for Network to be Configured.
         Starting Initial cloud-init job (metadata service crawler)...
[   11.492635] cloud-init[694]: Cloud-init v. 23.1.2-0ubuntu0~18.04.1 running 'init' at Mon, 28 Oct 2024 19:25:55 +0000. Up 11.33 seconds.
[   11.497433] cloud-init[694]: ci-info: ++++++++++++++++++++++++++++++++++++++Net device info+++++++++++++++++++++++++++++++++++++++
[   11.499537] cloud-init[694]: ci-info: +--------+------+-----------------------------+---------------+--------+-------------------+
[   11.501812] cloud-init[694]: ci-info: | Device |  Up  |           Address           |      Mask     | Scope  |     Hw-Address    |
[   11.503967] cloud-init[694]: ci-info: +--------+------+-----------------------------+---------------+--------+-------------------+
[   11.506055] cloud-init[694]: ci-info: | enp0s3 | True |          10.0.2.15          | 255.255.255.0 | global | 02:3b:7b:b7:3b:2d |
[   11.508110] cloud-init[694]: ci-info: | enp0s3 | True |  fe80::3b:7bff:feb7:3b2d/64 |       .       |  link  | 02:3b:7b:b7:3b:2d |
[   11.510264] cloud-init[694]: ci-info: | enp0s8 | True |         192.168.56.3        | 255.255.255.0 | global | 08:00:27:80:65:9d |
[   11.512168] cloud-init[694]: ci-info: | enp0s8 | True | fe80::a00:27ff:fe80:659d/64 |       .       |  link  | 08:00:27:80:65:9d |
[   11.514262] cloud-init[694]: ci-info: |   lo   | True |          127.0.0.1          |   255.0.0.0   |  host  |         .         |
[   11.516166] cloud-init[694]: ci-info: |   lo   | True |           ::1/128           |       .       |  host  |         .         |
[   11.518201] cloud-init[694]: ci-info: +--------+------+-----------------------------+---------------+--------+-------------------+
[   11.522497] cloud-init[694]: ci-info: +++++++++++++++++++++++++++++Route IPv4 info+++++++++++++++++++++++++++++
[   11.524052] cloud-init[694]: ci-info: +-------+--------------+----------+-----------------+-----------+-------+
[   11.526009] cloud-init[694]: ci-info: | Route | Destination  | Gateway  |     Genmask     | Interface | Flags |
[   11.527804] cloud-init[694]: ci-info: +-------+--------------+----------+-----------------+-----------+-------+
[   11.529642] cloud-init[694]: ci-info: |   0   |   0.0.0.0    | 10.0.2.2 |     0.0.0.0     |   enp0s3  |   UG  |
[   11.531468] cloud-init[694]: ci-info: |   1   |   10.0.2.0   | 0.0.0.0  |  255.255.255.0  |   enp0s3  |   U   |
[   11.533348] cloud-init[694]: ci-info: |   2   |   10.0.2.2   | 0.0.0.0  | 255.255.255.255 |   enp0s3  |   UH  |
[   11.535126] cloud-init[694]: ci-info: |   3   | 192.168.56.0 | 0.0.0.0  |  255.255.255.0  |   enp0s8  |   U   |
[   11.536382] cloud-init[694]: ci-info: +-------+--------------+----------+-----------------+-----------+-------+
[   11.536984] cloud-init[694]: ci-info: +++++++++++++++++++Route IPv6 info+++++++++++++++++++
[   11.537484] cloud-init[694]: ci-info: +-------+-------------+---------+-----------+-------+
[   11.537964] cloud-init[694]: ci-info: | Route | Destination | Gateway | Interface | Flags |
[   11.538510] cloud-init[694]: ci-info: +-------+-------------+---------+-----------+-------+
[   11.539013] cloud-init[694]: ci-info: |   1   |  fe80::/64  |    ::   |   enp0s8  |   U   |
[   11.539534] cloud-init[694]: ci-info: |   2   |  fe80::/64  |    ::   |   enp0s3  |   U   |
[   11.540041] cloud-init[694]: ci-info: |   4   |    local    |    ::   |   enp0s3  |   U   |
[   11.540546] cloud-init[694]: ci-info: |   5   |    local    |    ::   |   enp0s8  |   U   |
[   11.541034] cloud-init[694]: ci-info: |   6   |   ff00::/8  |    ::   |   enp0s8  |   U   |
[   11.541508] cloud-init[694]: ci-info: |   7   |   ff00::/8  |    ::   |   enp0s3  |   U   |
[   11.542002] cloud-init[694]: ci-info: +-------+-------------+---------+-----------+-------+
[[0;32m  OK  [0m] Started Initial cloud-init job (metadata service crawler).
[[0;32m  OK  [0m] Reached target System Initialization.
[[0;32m  OK  [0m] Listening on UUID daemon activation socket.
[[0;32m  OK  [0m] Started Message of the Day.
[[0;32m  OK  [0m] Started Daily Cleanup of Temporary Directories.
[[0;32m  OK  [0m] Listening on D-Bus System Message Bus Socket.
[[0;32m  OK  [0m] Started Daily apt download activities.
         Starting Docker Socket for the API.
         Starting LXD - unix socket.
[[0;32m  OK  [0m] Listening on ACPID Listen Socket.
[[0;32m  OK  [0m] Listening on cloud-init hotplug hook socket.
[[0;32m  OK  [0m] Listening on Open-iSCSI iscsid Socket.
[[0;32m  OK  [0m] Started ACPI Events Check.
[[0;32m  OK  [0m] Reached target Paths.
         Starting Socket activation for snappy daemon.
[[0;32m  OK  [0m] Started Daily apt upgrade and clean activities.
[[0;32m  OK  [0m] Started Discard unused blocks once a week.
[[0;32m  OK  [0m] Reached target Timers.
[[0;32m  OK  [0m] Reached target Network is Online.
         Starting Availability of block devices...
[[0;32m  OK  [0m] Reached target Remote File Systems (Pre).
         Mounting /vagrant...
[[0;32m  OK  [0m] Reached target Cloud-config availability.
[[0;32m  OK  [0m] Listening on Docker Socket for the API.
[[0;32m  OK  [0m] Listening on LXD - unix socket.
[[0;32m  OK  [0m] Listening on Socket activation for snappy daemon.
[[0;32m  OK  [0m] Reached target Sockets.
[[0;32m  OK  [0m] Reached target Basic System.
         Starting Virtualbox guest utils...
[[0;32m  OK  [0m] Reached target Login Prompts (Pre).
         Starting Message of the Day...
         Starting Snap Daemon...
[[0;32m  OK  [0m] Started irqbalance daemon.
         Starting OpenBSD Secure Shell server...
         Starting LXD - container startup/shutdown...
         Starting Login Service...
         Starting Discard unused blocks...
[[0;32m  OK  [0m] Started D-Bus System Message Bus.
         Starting System Logging Service...
[[0;32m  OK  [0m] Started FUSE filesystem for LXC.
[[0;32m  OK  [0m] Started Regular background program processing daemon.
         Starting Dispatcher daemon for systemd-networkd...
         Starting LSB: Record successful boot for GRUB...
         Starting Accounts Service...
         Starting containerd container runtime...
[[0;32m  OK  [0m] Started Deferred execution scheduler.
[[0;32m  OK  [0m] Started Availability of block devices.
[[0;32m  OK  [0m] Mounted /vagrant.
[[0;32m  OK  [0m] Started Discard unused blocks.
[[0;32m  OK  [0m] Started OpenBSD Secure Shell server.
[[0;32m  OK  [0m] Started Login Service.
[[0;32m  OK  [0m] Started Unattended Upgrades Shutdown.
[[0;32m  OK  [0m] Reached target Remote File Systems.
         Starting Permit User Sessions...
         Starting LSB: automatic crash report generation...
[[0;32m  OK  [0m] Started System Logging Service.
[[0;32m  OK  [0m] Started Permit User Sessions.
         Starting Terminate Plymouth Boot Screen...
         Starting Hold until boot process finishes up...
[[0;32m  OK  [0m] Started Hold until boot process finishes up.
[[0;32m  OK  [0m] Started Serial Getty on ttyS0.
         Starting Set console scheme...
[[0;32m  OK  [0m] Started Terminate Plymouth Boot Screen.
[[0;32m  OK  [0m] Started LXD - container startup/shutdown.
[[0;32m  OK  [0m] Started Set console scheme.
[[0;32m  OK  [0m] Created slice system-getty.slice.
[[0;32m  OK  [0m] Started Getty on tty1.
[[0;32m  OK  [0m] Reached target Login Prompts.
[[0;32m  OK  [0m] Started Virtualbox guest utils.
[[0;32m  OK  [0m] Started LSB: automatic crash report generation.
[[0;32m  OK  [0m] Started LSB: Record successful boot for GRUB.
[[0;32m  OK  [0m] Created slice User Slice of vagrant.
         Starting Authorization Manager...
         Starting User Manager for UID 1000...
[[0;32m  OK  [0m] Started Session 1 of user vagrant.
[[0;32m  OK  [0m] Started Authorization Manager.
[[0;32m  OK  [0m] Started Accounts Service.
[[0;32m  OK  [0m] Started Dispatcher daemon for systemd-networkd.
[[0;32m  OK  [0m] Started Snap Daemon.
         Starting Wait until snapd is fully seeded...
[[0;32m  OK  [0m] Started User Manager for UID 1000.
         Starting Time & Date Service...
[[0;32m  OK  [0m] Started Time & Date Service.
[[0;32m  OK  [0m] Started Wait until snapd is fully seeded.
         Starting Apply the settings specified in cloud-config...
[[0;32m  OK  [0m] Started containerd container runtime.
         Starting Docker Application Container Engine...
[[0;32m  OK  [0m] Started Message of the Day.
[   14.224573] cloud-init[1261]: Cloud-init v. 23.1.2-0ubuntu0~18.04.1 running 'modules:config' at Mon, 28 Oct 2024 19:25:57 +0000. Up 14.07 seconds.
[[0;32m  OK  [0m] Started Apply the settings specified in cloud-config.
[[0;32m  OK  [0m] Started Docker Application Container Engine.
[[0;32m  OK  [0m] Reached target Multi-User System.
[[0;32m  OK  [0m] Reached target Graphical Interface.
         Starting Update UTMP about System Runlevel Changes...
         Starting Execute cloud user/final scripts...
[[0;32m  OK  [0m] Started Update UTMP about System Runlevel Changes.
[   16.556555] cloud-init[1672]: Cloud-init v. 23.1.2-0ubuntu0~18.04.1 running 'modules:final' at Mon, 28 Oct 2024 19:26:00 +0000. Up 16.42 seconds.
[   16.560579] cloud-init[1672]: Cloud-init v. 23.1.2-0ubuntu0~18.04.1 finished at Mon, 28 Oct 2024 19:26:00 +0000. Datasource DataSourceNoCloud [seed=/dev/sdb][dsmode=net].  Up 16.54 seconds
[[0;32m  OK  [0m] Started Execute cloud user/final scripts.
[[0;32m  OK  [0m] Reached target Cloud-init target.
         Starting Daily apt download activities...
         Starting Update APT News...
         Starting Update the local ESM caches...

Ubuntu 18.04.6 LTS docker-test ttyS0

docker-test login: 